30/10/2023 21:13:59 - root - INFO - asd
30/10/2023 21:13:59 - root - INFO - asdas
30/10/2023 21:14:00 - root - INFO - gsfgs
30/10/2023 21:14:04 - root - INFO - sdasd
30/10/2023 21:14:28 - root - INFO - sadasda
30/10/2023 21:14:29 - root - INFO - fsdgaf
30/10/2023 21:14:29 - root - INFO - afhdsfa
30/10/2023 21:14:29 - root - INFO - sfagsfb
30/10/2023 21:14:30 - root - INFO - gsa
30/10/2023 21:14:30 - root - INFO - ffah
30/10/2023 21:14:30 - root - INFO - agr
30/10/2023 21:14:30 - root - INFO - naef
30/10/2023 21:14:31 - root - INFO - gsd
30/10/2023 21:14:31 - root - INFO - hd
30/10/2023 21:14:31 - root - INFO - h
30/10/2023 21:14:31 - root - INFO - sfw
30/10/2023 21:14:31 - root - INFO - h
30/10/2023 21:16:07 - root - INFO - afsdgg
30/10/2023 21:16:07 - root - INFO - sgs
30/10/2023 21:16:07 - root - INFO - gs
30/10/2023 21:16:07 - root - INFO - gsd
30/10/2023 21:16:08 - root - INFO - fas
30/10/2023 21:16:08 - root - INFO - 
30/10/2023 21:16:08 - root - INFO - eh
30/10/2023 21:16:09 - root - INFO - e
