06/11/2023 17:52:20 - root - DEBUG - Expences entered: 56
06/11/2023 17:52:22 - root - DEBUG - Expences entered: 45
06/11/2023 17:52:22 - root - DEBUG - Expences entered: 4
06/11/2023 17:52:23 - root - DEBUG - Expences in total entered: [56.0, 45.0, 4.0]
06/11/2023 17:52:23 - root - DEBUG - Sum of expences: 105.0
06/11/2023 17:52:29 - root - INFO - The profit is: 965.6
06/11/2023 17:52:29 - urllib3.connectionpool - DEBUG - Starting new HTTP connection (1): data.fixer.io:80
06/11/2023 17:52:30 - urllib3.connectionpool - DEBUG - http://data.fixer.io:80 "GET /api/latest?access_key=akdhflsadhflasfljssl&symbols=USD HTTP/1.1" 200 None
06/11/2023 17:52:30 - root - INFO - Respond from API: {'success': False, 'error': {'code': 101, 'type': 'invalid_access_key', 'info': 'You have not supplied a valid API Access Key. [Technical Support: support@apilayer.com]'}}
06/11/2023 17:54:03 - root - DEBUG - Expences entered: 453
06/11/2023 17:54:03 - root - DEBUG - Expences entered: 4324
06/11/2023 17:54:04 - root - DEBUG - Expences entered: 234
06/11/2023 17:54:05 - root - DEBUG - Expences entered: 34
06/11/2023 17:54:06 - root - DEBUG - Expences in total entered: [453.0, 4324.0, 234.0, 34.0]
06/11/2023 17:54:06 - root - DEBUG - Sum of expences: 5045.0
06/11/2023 17:54:09 - root - INFO - The profit is: 390337.85
06/11/2023 17:54:09 - urllib3.connectionpool - DEBUG - Starting new HTTP connection (1): data.fixer.io:80
06/11/2023 17:54:10 - urllib3.connectionpool - DEBUG - http://data.fixer.io:80 "GET /api/latest?access_key=7b305a85fb112f3b93e6d738c24d5803&symbols=USD HTTP/1.1" 200 None
06/11/2023 17:54:10 - root - INFO - Respond from API: {'success': True, 'timestamp': 1699286043, 'base': 'EUR', 'date': '2023-11-06', 'rates': {'USD': 1.07445}}
06/11/2023 17:54:10 - root - INFO - Exchange rate for USD: 1.07445
